{
  "0 debug pnpm:scope": {
    "selected": 1,
    "workspacePrefix": "C:\\Users\\Dustella\\Code\\Taskism"
  },
  "1 error pnpm": {
    "errno": 1,
    "code": "ELIFECYCLE",
    "pkgid": "@1.0.0",
    "stage": "dev:frontend",
    "script": "pnpm --filter \"frontend\" dev",
    "err": {
      "name": "pnpm",
      "message": "@1.0.0 dev:frontend: `pnpm --filter \"frontend\" dev`\nExit status 1",
      "code": "ELIFECYCLE",
      "stack": "pnpm: @1.0.0 dev:frontend: `pnpm --filter \"frontend\" dev`\nExit status 1\n    at EventEmitter.<anonymous> (C:\\Users\\Dustella\\AppData\\Roaming\\npm\\node_modules\\pnpm\\dist\\pnpm.cjs:108610:20)\n    at EventEmitter.emit (node:events:527:28)\n    at ChildProcess.<anonymous> (C:\\Users\\Dustella\\AppData\\Roaming\\npm\\node_modules\\pnpm\\dist\\pnpm.cjs:95176:18)\n    at ChildProcess.emit (node:events:527:28)\n    at maybeClose (node:internal/child_process:1092:16)\n    at Process.ChildProcess._handle.onexit (node:internal/child_process:302:5)"
    }
  },
  "2 warn pnpm:global": " Local package.json exists, but node_modules missing, did you mean to install?"
}